 INFO: No roots found: the database is empty [02-03-2021 12:23:08]
 INFO: Exodus environment created: chain/store [02-03-2021 12:23:08]
 INFO: Your platform does not provide complete low-level API for accessing direct buffers reliably. Unless explicitly requested, heap buffer will always be preferred to avoid potential system instability. [02-03-2021 12:23:08]
 INFO: The Tendermint process is up and running [02-03-2021 12:23:09]
 INFO: 42998af6a649b9bd59636cef615ba7303986339c4e4a7b4b2d4449d3869f6089: posting (JarStoreInitialTransactionRequest) [02-03-2021 12:23:09]
 INFO: 42998af6a649b9bd59636cef615ba7303986339c4e4a7b4b2d4449d3869f6089: checking start (JarStoreInitialTransactionRequest) [02-03-2021 12:23:09]
 INFO: 42998af6a649b9bd59636cef615ba7303986339c4e4a7b4b2d4449d3869f6089: checking success [02-03-2021 12:23:09]
 INFO: 42998af6a649b9bd59636cef615ba7303986339c4e4a7b4b2d4449d3869f6089: delivering start [02-03-2021 12:23:10]
 INFO: 42998af6a649b9bd59636cef615ba7303986339c4e4a7b4b2d4449d3869f6089: delivering success [02-03-2021 12:23:13]
 INFO: 94985c85d775fd18a069dc562765edc104456b8b6d0130ce759da656b83aa1bb: posting (RedGreenGameteCreationTransactionRequest) [02-03-2021 12:23:13]
 INFO: 94985c85d775fd18a069dc562765edc104456b8b6d0130ce759da656b83aa1bb: checking start (RedGreenGameteCreationTransactionRequest) [02-03-2021 12:23:13]
 INFO: 94985c85d775fd18a069dc562765edc104456b8b6d0130ce759da656b83aa1bb: checking success [02-03-2021 12:23:13]
 INFO: 94985c85d775fd18a069dc562765edc104456b8b6d0130ce759da656b83aa1bb: delivering start [02-03-2021 12:23:14]
 INFO: 94985c85d775fd18a069dc562765edc104456b8b6d0130ce759da656b83aa1bb#0: created as gamete [02-03-2021 12:23:14]
 INFO: 94985c85d775fd18a069dc562765edc104456b8b6d0130ce759da656b83aa1bb: delivering success [02-03-2021 12:23:14]
 INFO: 37e9102a9d6710219442bfb506f2ae3b8ecd6aaa5cc3b30e860bf7d3cb2cbc7a: running start (InstanceMethodCallTransactionRequest -> nonce) [02-03-2021 12:23:14]
 INFO: 37e9102a9d6710219442bfb506f2ae3b8ecd6aaa5cc3b30e860bf7d3cb2cbc7a: running success [02-03-2021 12:23:14]
 INFO: ef5e9242fe5804ed95cbf0e44dec36235c300e17078d19f1cf10fa9b32b65a98: posting (ConstructorCallTransactionRequest) [02-03-2021 12:23:14]
 INFO: ef5e9242fe5804ed95cbf0e44dec36235c300e17078d19f1cf10fa9b32b65a98: checking start (ConstructorCallTransactionRequest) [02-03-2021 12:23:14]
 INFO: ef5e9242fe5804ed95cbf0e44dec36235c300e17078d19f1cf10fa9b32b65a98: checking success [02-03-2021 12:23:14]
 INFO: ef5e9242fe5804ed95cbf0e44dec36235c300e17078d19f1cf10fa9b32b65a98: delivering start [02-03-2021 12:23:15]
 INFO: ef5e9242fe5804ed95cbf0e44dec36235c300e17078d19f1cf10fa9b32b65a98: delivering success [02-03-2021 12:23:15]
 INFO: 37e9102a9d6710219442bfb506f2ae3b8ecd6aaa5cc3b30e860bf7d3cb2cbc7a: running start (InstanceMethodCallTransactionRequest -> nonce) [02-03-2021 12:23:15]
 INFO: 37e9102a9d6710219442bfb506f2ae3b8ecd6aaa5cc3b30e860bf7d3cb2cbc7a: running success [02-03-2021 12:23:15]
 INFO: b3bbae8e0d9a01213eaf0366e3817d61a3ff96e302dc958dbfa385271e1394ac: posting (ConstructorCallTransactionRequest) [02-03-2021 12:23:15]
 INFO: b3bbae8e0d9a01213eaf0366e3817d61a3ff96e302dc958dbfa385271e1394ac: checking start (ConstructorCallTransactionRequest) [02-03-2021 12:23:15]
 INFO: b3bbae8e0d9a01213eaf0366e3817d61a3ff96e302dc958dbfa385271e1394ac: checking success [02-03-2021 12:23:15]
 INFO: b3bbae8e0d9a01213eaf0366e3817d61a3ff96e302dc958dbfa385271e1394ac: delivering start [02-03-2021 12:23:16]
 INFO: b3bbae8e0d9a01213eaf0366e3817d61a3ff96e302dc958dbfa385271e1394ac: delivering success [02-03-2021 12:23:16]
 INFO: 37e9102a9d6710219442bfb506f2ae3b8ecd6aaa5cc3b30e860bf7d3cb2cbc7a: running start (InstanceMethodCallTransactionRequest -> nonce) [02-03-2021 12:23:16]
 INFO: 37e9102a9d6710219442bfb506f2ae3b8ecd6aaa5cc3b30e860bf7d3cb2cbc7a: running success [02-03-2021 12:23:16]
 INFO: 279012d80dcd650fd64fd817d5c6232a000e9cff47813fc6905524993bb54b23: posting (ConstructorCallTransactionRequest) [02-03-2021 12:23:16]
 INFO: 279012d80dcd650fd64fd817d5c6232a000e9cff47813fc6905524993bb54b23: checking start (ConstructorCallTransactionRequest) [02-03-2021 12:23:16]
 INFO: 279012d80dcd650fd64fd817d5c6232a000e9cff47813fc6905524993bb54b23: checking success [02-03-2021 12:23:16]
 INFO: 279012d80dcd650fd64fd817d5c6232a000e9cff47813fc6905524993bb54b23: delivering start [02-03-2021 12:23:17]
 INFO: 279012d80dcd650fd64fd817d5c6232a000e9cff47813fc6905524993bb54b23: delivering success [02-03-2021 12:23:17]
 INFO: 76cf5e4e647d6565131fc12774088f7c4eda70b972071a8f32ffcb16c88e3bc0: posting (InitializationTransactionRequest) [02-03-2021 12:23:17]
 INFO: 76cf5e4e647d6565131fc12774088f7c4eda70b972071a8f32ffcb16c88e3bc0: checking start (InitializationTransactionRequest) [02-03-2021 12:23:17]
 INFO: 76cf5e4e647d6565131fc12774088f7c4eda70b972071a8f32ffcb16c88e3bc0: checking success [02-03-2021 12:23:17]
 INFO: 76cf5e4e647d6565131fc12774088f7c4eda70b972071a8f32ffcb16c88e3bc0: delivering start [02-03-2021 12:23:18]
 INFO: 279012d80dcd650fd64fd817d5c6232a000e9cff47813fc6905524993bb54b23#0: set as manifest [02-03-2021 12:23:18]
 INFO: the node has been initialized [02-03-2021 12:23:18]
 INFO: recomputing the consensus cache since the information in the manifest might have changed [02-03-2021 12:23:18]
 INFO: 0adbbdad27a60437ef92e630fdaba3d7e7e78b7282996dc9ba91b96c223a39f4: running start (InstanceMethodCallTransactionRequest -> getChainId) [02-03-2021 12:23:18]
 INFO: 0adbbdad27a60437ef92e630fdaba3d7e7e78b7282996dc9ba91b96c223a39f4: running success [02-03-2021 12:23:18]
 INFO: 2ed4b21e4cc6f0bb23d0729dec6a9b340b44bafa194809ab8f0d3490e007d55b: running start (InstanceMethodCallTransactionRequest -> getMaxErrorLength) [02-03-2021 12:23:18]
 INFO: 2ed4b21e4cc6f0bb23d0729dec6a9b340b44bafa194809ab8f0d3490e007d55b: running success [02-03-2021 12:23:18]
 INFO: ace1b9fd98d13c6329a6d850d38a9b2ff1fe1cb683b78d18b71ac4fb644b6fcf: running start (InstanceMethodCallTransactionRequest -> getMaxDependencies) [02-03-2021 12:23:18]
 INFO: ace1b9fd98d13c6329a6d850d38a9b2ff1fe1cb683b78d18b71ac4fb644b6fcf: running success [02-03-2021 12:23:18]
 INFO: b5025f4a4ca4e9928f5441f8565b5c4f08631045c991a168ad54aa017d8bb572: running start (InstanceMethodCallTransactionRequest -> getMaxCumulativeSizeOfDependencies) [02-03-2021 12:23:18]
 INFO: b5025f4a4ca4e9928f5441f8565b5c4f08631045c991a168ad54aa017d8bb572: running success [02-03-2021 12:23:18]
 INFO: 8b3302870a3033c8628b4d2946b4282ea2c39fd241d6df1b9abadf7a32396e04: running start (InstanceMethodCallTransactionRequest -> allowsSelfCharged) [02-03-2021 12:23:18]
 INFO: 8b3302870a3033c8628b4d2946b4282ea2c39fd241d6df1b9abadf7a32396e04: running success [02-03-2021 12:23:18]
 INFO: 3bcdcd9166a8b9c6ddc98b9467c75690de85343b4f89e6cdf2a81f39281b0c30: running start (InstanceMethodCallTransactionRequest -> skipsVerification) [02-03-2021 12:23:18]
 INFO: 3bcdcd9166a8b9c6ddc98b9467c75690de85343b4f89e6cdf2a81f39281b0c30: running success [02-03-2021 12:23:18]
 INFO: 156a9b457f1eb58426ec7857abf0563edde37007e654fb520631138e20f08a75: running start (InstanceMethodCallTransactionRequest -> getSignature) [02-03-2021 12:23:18]
 INFO: 156a9b457f1eb58426ec7857abf0563edde37007e654fb520631138e20f08a75: running success [02-03-2021 12:23:18]
 INFO: bf1f94e25b180dd7b04eff6c88e9a87fc245be71417b18f783d78f7ff3cd2a69: running start (InstanceMethodCallTransactionRequest -> getTicketForNewPoll) [02-03-2021 12:23:18]
 INFO: bf1f94e25b180dd7b04eff6c88e9a87fc245be71417b18f783d78f7ff3cd2a69: running success [02-03-2021 12:23:18]
 INFO: 5a4971bc98c51e430e754c375e3177f4c64721f7589ff6e4f8594ba6495851b4: running start (InstanceMethodCallTransactionRequest -> getMaxGasPerTransaction) [02-03-2021 12:23:18]
 INFO: 5a4971bc98c51e430e754c375e3177f4c64721f7589ff6e4f8594ba6495851b4: running success [02-03-2021 12:23:18]
 INFO: dc9b23eba650a5c7a67cffc3d91271e286dc5b51c4b13ccd9a9206ad35f4d90b: running start (InstanceMethodCallTransactionRequest -> ignoresGasPrice) [02-03-2021 12:23:18]
 INFO: dc9b23eba650a5c7a67cffc3d91271e286dc5b51c4b13ccd9a9206ad35f4d90b: running success [02-03-2021 12:23:18]
 INFO: 0b8ca077e56dd90e892bb306e6bdb1df7ea177bcf22829c8a2f7a942ef9dd484: running start (InstanceMethodCallTransactionRequest -> getTargetGasAtReward) [02-03-2021 12:23:18]
 INFO: 0b8ca077e56dd90e892bb306e6bdb1df7ea177bcf22829c8a2f7a942ef9dd484: running success [02-03-2021 12:23:18]
 INFO: a98cb2fc96461a2179585dacca5f27b953aa408154bd895ffa93407e35e808e4: running start (InstanceMethodCallTransactionRequest -> getOblivion) [02-03-2021 12:23:18]
 INFO: a98cb2fc96461a2179585dacca5f27b953aa408154bd895ffa93407e35e808e4: running success [02-03-2021 12:23:18]
 INFO: ef327a1d259535ec01538de95cf9c2caaaa1c27c454ac649197b9015d9d79f91: running start (InstanceMethodCallTransactionRequest -> getInflation) [02-03-2021 12:23:18]
 INFO: ef327a1d259535ec01538de95cf9c2caaaa1c27c454ac649197b9015d9d79f91: running success [02-03-2021 12:23:18]
 INFO: 62aa9abd2e08974d9a15b81543ecaec1dcacdba0bdc3aa9df0f65af4d89c7a9e: running start (InstanceMethodCallTransactionRequest -> getVerificationVersion) [02-03-2021 12:23:18]
 INFO: 62aa9abd2e08974d9a15b81543ecaec1dcacdba0bdc3aa9df0f65af4d89c7a9e: running success [02-03-2021 12:23:18]
 INFO: the consensus cache has been recomputed [02-03-2021 12:23:18]
 INFO: recomputing the gas price cache since it has changed [02-03-2021 12:23:18]
 INFO: a1e59a25e59f2f884c51b4957d6f86a67eb0df35f144b385a55aa2ee3ae67d16: running start (InstanceMethodCallTransactionRequest -> getGasPrice) [02-03-2021 12:23:18]
 INFO: a1e59a25e59f2f884c51b4957d6f86a67eb0df35f144b385a55aa2ee3ae67d16: running success [02-03-2021 12:23:18]
 INFO: the gas price cache has been recomputed and changed from null to 100 [02-03-2021 12:23:18]
 INFO: 76cf5e4e647d6565131fc12774088f7c4eda70b972071a8f32ffcb16c88e3bc0: delivering success [02-03-2021 12:23:18]
 INFO: 3786e82e464ad060763fab803e25e6e35cf490c0c3380a2c8178c09ddc2e307f: running start (InstanceMethodCallTransactionRequest -> nonce) [02-03-2021 12:23:18]
 INFO: 3786e82e464ad060763fab803e25e6e35cf490c0c3380a2c8178c09ddc2e307f: running success [02-03-2021 12:23:18]
 INFO: 558cf7e6475b27d9fba26c3b86ecd8d17a312ac47e3a934b8a020c93e9e47e95: running start (InstanceMethodCallTransactionRequest -> getChainId) [02-03-2021 12:23:18]
 INFO: 558cf7e6475b27d9fba26c3b86ecd8d17a312ac47e3a934b8a020c93e9e47e95: running success [02-03-2021 12:23:18]
 INFO: a4a2c067a5304971b40dfcf2549f1948f03f6fe32c928af8ce08c794d8378d0b: running start (InstanceMethodCallTransactionRequest -> getGasStation) [02-03-2021 12:23:18]
 INFO: a4a2c067a5304971b40dfcf2549f1948f03f6fe32c928af8ce08c794d8378d0b: running success [02-03-2021 12:23:18]
 INFO: dc9b23eba650a5c7a67cffc3d91271e286dc5b51c4b13ccd9a9206ad35f4d90b: running start (InstanceMethodCallTransactionRequest -> ignoresGasPrice) [02-03-2021 12:23:18]
 INFO: dc9b23eba650a5c7a67cffc3d91271e286dc5b51c4b13ccd9a9206ad35f4d90b: running success [02-03-2021 12:23:18]
 INFO: a1e59a25e59f2f884c51b4957d6f86a67eb0df35f144b385a55aa2ee3ae67d16: running start (InstanceMethodCallTransactionRequest -> getGasPrice) [02-03-2021 12:23:18]
 INFO: a1e59a25e59f2f884c51b4957d6f86a67eb0df35f144b385a55aa2ee3ae67d16: running success [02-03-2021 12:23:18]
 INFO: 4ae24ffd9e6efea7a98067929494fa49d0e3b2f1f40e5a921adac6f2b18f38ac: posting (JarStoreTransactionRequest) [02-03-2021 12:23:18]
 INFO: 4ae24ffd9e6efea7a98067929494fa49d0e3b2f1f40e5a921adac6f2b18f38ac: checking start (JarStoreTransactionRequest) [02-03-2021 12:23:18]
 INFO: 4ae24ffd9e6efea7a98067929494fa49d0e3b2f1f40e5a921adac6f2b18f38ac: checking success [02-03-2021 12:23:18]
 INFO: e5540e82bcd909214647036bc3eea4f3af10e3b34ccb932b33f7a26fc7406160: checking start (InstanceSystemMethodCallTransactionRequest) [02-03-2021 12:23:19]
 INFO: e5540e82bcd909214647036bc3eea4f3af10e3b34ccb932b33f7a26fc7406160: checking success [02-03-2021 12:23:19]
 INFO: e5540e82bcd909214647036bc3eea4f3af10e3b34ccb932b33f7a26fc7406160: delivering start [02-03-2021 12:23:19]
 INFO: recomputing the gas price cache since it has changed [02-03-2021 12:23:19]
 INFO: a1e59a25e59f2f884c51b4957d6f86a67eb0df35f144b385a55aa2ee3ae67d16: running start (InstanceMethodCallTransactionRequest -> getGasPrice) [02-03-2021 12:23:19]
 INFO: a1e59a25e59f2f884c51b4957d6f86a67eb0df35f144b385a55aa2ee3ae67d16: running success [02-03-2021 12:23:19]
 INFO: the gas price cache has been recomputed and changed from 100 to 100 [02-03-2021 12:23:19]
 INFO: e5540e82bcd909214647036bc3eea4f3af10e3b34ccb932b33f7a26fc7406160: delivering success [02-03-2021 12:23:19]
 INFO: units of coin rewarded to the validators for their work: 0 [02-03-2021 12:23:19]
 INFO: units of gas consumed for CPU or storage since the previous reward: 15336 [02-03-2021 12:23:19]
 INFO: 4ae24ffd9e6efea7a98067929494fa49d0e3b2f1f40e5a921adac6f2b18f38ac: delivering start [02-03-2021 12:23:19]
 INFO: 4ae24ffd9e6efea7a98067929494fa49d0e3b2f1f40e5a921adac6f2b18f38ac: delivering success [02-03-2021 12:23:19]
 INFO: 1da38785317ddf5857ef885c31ed3ed09ea0908142ebd7ae4b7bcec264060b99: running start (InstanceMethodCallTransactionRequest -> getShares) [02-03-2021 12:23:19]
 INFO: 1da38785317ddf5857ef885c31ed3ed09ea0908142ebd7ae4b7bcec264060b99: running success [02-03-2021 12:23:19]
 INFO: 173ec475634088ec65291acfc8069cb1c92ed78a7a80ca810455f862cd15105f: running start (InstanceMethodCallTransactionRequest -> size) [02-03-2021 12:23:19]
 INFO: 173ec475634088ec65291acfc8069cb1c92ed78a7a80ca810455f862cd15105f: running success [02-03-2021 12:23:19]
 INFO: refusing to remove all validators; please initialize the node with TendermintInitializedNode [02-03-2021 12:23:19]
 INFO: e5540e82bcd909214647036bc3eea4f3af10e3b34ccb932b33f7a26fc7406160#0: notified as event with creator 279012d80dcd650fd64fd817d5c6232a000e9cff47813fc6905524993bb54b23#c [02-03-2021 12:23:19]
 INFO: 558cf7e6475b27d9fba26c3b86ecd8d17a312ac47e3a934b8a020c93e9e47e95: running start (InstanceMethodCallTransactionRequest -> getChainId) [02-03-2021 12:23:19]
 INFO: 558cf7e6475b27d9fba26c3b86ecd8d17a312ac47e3a934b8a020c93e9e47e95: running success [02-03-2021 12:23:19]
 INFO: 3786e82e464ad060763fab803e25e6e35cf490c0c3380a2c8178c09ddc2e307f: running start (InstanceMethodCallTransactionRequest -> nonce) [02-03-2021 12:23:19]
 INFO: 3786e82e464ad060763fab803e25e6e35cf490c0c3380a2c8178c09ddc2e307f: running success [02-03-2021 12:23:19]
 INFO: a4a2c067a5304971b40dfcf2549f1948f03f6fe32c928af8ce08c794d8378d0b: running start (InstanceMethodCallTransactionRequest -> getGasStation) [02-03-2021 12:23:19]
 INFO: a4a2c067a5304971b40dfcf2549f1948f03f6fe32c928af8ce08c794d8378d0b: running success [02-03-2021 12:23:19]
 INFO: dc9b23eba650a5c7a67cffc3d91271e286dc5b51c4b13ccd9a9206ad35f4d90b: running start (InstanceMethodCallTransactionRequest -> ignoresGasPrice) [02-03-2021 12:23:19]
 INFO: dc9b23eba650a5c7a67cffc3d91271e286dc5b51c4b13ccd9a9206ad35f4d90b: running success [02-03-2021 12:23:19]
 INFO: a1e59a25e59f2f884c51b4957d6f86a67eb0df35f144b385a55aa2ee3ae67d16: running start (InstanceMethodCallTransactionRequest -> getGasPrice) [02-03-2021 12:23:19]
 INFO: a1e59a25e59f2f884c51b4957d6f86a67eb0df35f144b385a55aa2ee3ae67d16: running success [02-03-2021 12:23:19]
 INFO: 6115de3e91dec5fb7fd68fb61691d74b0381a28df4f0b2b5615b8b9a041b301f: posting (ConstructorCallTransactionRequest) [02-03-2021 12:23:19]
 INFO: 6115de3e91dec5fb7fd68fb61691d74b0381a28df4f0b2b5615b8b9a041b301f: checking start (ConstructorCallTransactionRequest) [02-03-2021 12:23:19]
 INFO: 6115de3e91dec5fb7fd68fb61691d74b0381a28df4f0b2b5615b8b9a041b301f: checking success [02-03-2021 12:23:19]
 INFO: a3bc3a1d59fec7f35b315e2b453a84bfb185c6c4ebb56e2ed907f64e81387afd: checking start (InstanceSystemMethodCallTransactionRequest) [02-03-2021 12:23:20]
 INFO: a3bc3a1d59fec7f35b315e2b453a84bfb185c6c4ebb56e2ed907f64e81387afd: checking success [02-03-2021 12:23:20]
 INFO: a3bc3a1d59fec7f35b315e2b453a84bfb185c6c4ebb56e2ed907f64e81387afd: delivering start [02-03-2021 12:23:20]
 INFO: recomputing the gas price cache since it has changed [02-03-2021 12:23:20]
 INFO: a1e59a25e59f2f884c51b4957d6f86a67eb0df35f144b385a55aa2ee3ae67d16: running start (InstanceMethodCallTransactionRequest -> getGasPrice) [02-03-2021 12:23:20]
 INFO: a1e59a25e59f2f884c51b4957d6f86a67eb0df35f144b385a55aa2ee3ae67d16: running success [02-03-2021 12:23:20]
 INFO: the gas price cache has been recomputed and changed from 100 to 102 [02-03-2021 12:23:20]
 INFO: a3bc3a1d59fec7f35b315e2b453a84bfb185c6c4ebb56e2ed907f64e81387afd: delivering success [02-03-2021 12:23:20]
 INFO: units of coin rewarded to the validators for their work: 678600 [02-03-2021 12:23:20]
 INFO: units of gas consumed for CPU or storage since the previous reward: 2073 [02-03-2021 12:23:20]
 INFO: 6115de3e91dec5fb7fd68fb61691d74b0381a28df4f0b2b5615b8b9a041b301f: delivering start [02-03-2021 12:23:20]
 INFO: 6115de3e91dec5fb7fd68fb61691d74b0381a28df4f0b2b5615b8b9a041b301f: delivering success [02-03-2021 12:23:20]
 INFO: refusing to remove all validators; please initialize the node with TendermintInitializedNode [02-03-2021 12:23:20]
 INFO: a3bc3a1d59fec7f35b315e2b453a84bfb185c6c4ebb56e2ed907f64e81387afd#0: notified as event with creator 279012d80dcd650fd64fd817d5c6232a000e9cff47813fc6905524993bb54b23#c [02-03-2021 12:23:20]
 INFO: 005d3128ebda7d4cf559b7640f936e18608cd7f31822f1fc780593c246fb1528: running start (InstanceMethodCallTransactionRequest -> get) [02-03-2021 12:23:20]
 INFO: 005d3128ebda7d4cf559b7640f936e18608cd7f31822f1fc780593c246fb1528: running success [02-03-2021 12:23:20]
 INFO: 4556d13248cf0ceeb4285a25819d4db2971fcefb2e4837c1f3e3652006b39898: running start (InstanceMethodCallTransactionRequest -> get) [02-03-2021 12:23:20]
 INFO: 4556d13248cf0ceeb4285a25819d4db2971fcefb2e4837c1f3e3652006b39898: running success [02-03-2021 12:23:20]
 INFO: a4a2c067a5304971b40dfcf2549f1948f03f6fe32c928af8ce08c794d8378d0b: running start (InstanceMethodCallTransactionRequest -> getGasStation) [02-03-2021 12:23:20]
 INFO: a4a2c067a5304971b40dfcf2549f1948f03f6fe32c928af8ce08c794d8378d0b: running success [02-03-2021 12:23:20]
 INFO: dc9b23eba650a5c7a67cffc3d91271e286dc5b51c4b13ccd9a9206ad35f4d90b: running start (InstanceMethodCallTransactionRequest -> ignoresGasPrice) [02-03-2021 12:23:20]
 INFO: dc9b23eba650a5c7a67cffc3d91271e286dc5b51c4b13ccd9a9206ad35f4d90b: running success [02-03-2021 12:23:20]
 INFO: a1e59a25e59f2f884c51b4957d6f86a67eb0df35f144b385a55aa2ee3ae67d16: running start (InstanceMethodCallTransactionRequest -> getGasPrice) [02-03-2021 12:23:20]
 INFO: a1e59a25e59f2f884c51b4957d6f86a67eb0df35f144b385a55aa2ee3ae67d16: running success [02-03-2021 12:23:20]
 INFO: 6bf5faa480198ec30e7888f984aa759d3368389efda5e00efe8cab1b474d5a48: posting (ConstructorCallTransactionRequest) [02-03-2021 12:23:20]
 INFO: 6bf5faa480198ec30e7888f984aa759d3368389efda5e00efe8cab1b474d5a48: checking start (ConstructorCallTransactionRequest) [02-03-2021 12:23:20]
 INFO: 6bf5faa480198ec30e7888f984aa759d3368389efda5e00efe8cab1b474d5a48: checking success [02-03-2021 12:23:20]
 INFO: 9715f7f2ef6a128b136a6e913aa93cc8210be3084b9cab98946f6e8f3eaef667: checking start (InstanceSystemMethodCallTransactionRequest) [02-03-2021 12:23:21]
 INFO: 9715f7f2ef6a128b136a6e913aa93cc8210be3084b9cab98946f6e8f3eaef667: checking success [02-03-2021 12:23:21]
 INFO: 9715f7f2ef6a128b136a6e913aa93cc8210be3084b9cab98946f6e8f3eaef667: delivering start [02-03-2021 12:23:21]
 INFO: recomputing the gas price cache since it has changed [02-03-2021 12:23:21]
 INFO: a1e59a25e59f2f884c51b4957d6f86a67eb0df35f144b385a55aa2ee3ae67d16: running start (InstanceMethodCallTransactionRequest -> getGasPrice) [02-03-2021 12:23:21]
 INFO: a1e59a25e59f2f884c51b4957d6f86a67eb0df35f144b385a55aa2ee3ae67d16: running success [02-03-2021 12:23:21]
 INFO: the gas price cache has been recomputed and changed from 102 to 101 [02-03-2021 12:23:21]
 INFO: 9715f7f2ef6a128b136a6e913aa93cc8210be3084b9cab98946f6e8f3eaef667: delivering success [02-03-2021 12:23:21]
 INFO: units of coin rewarded to the validators for their work: 2630676 [02-03-2021 12:23:21]
 INFO: units of gas consumed for CPU or storage since the previous reward: 6528 [02-03-2021 12:23:21]
 INFO: 6bf5faa480198ec30e7888f984aa759d3368389efda5e00efe8cab1b474d5a48: delivering start [02-03-2021 12:23:21]
 INFO: 6bf5faa480198ec30e7888f984aa759d3368389efda5e00efe8cab1b474d5a48: delivering success [02-03-2021 12:23:21]
 INFO: refusing to remove all validators; please initialize the node with TendermintInitializedNode [02-03-2021 12:23:21]
 INFO: 9715f7f2ef6a128b136a6e913aa93cc8210be3084b9cab98946f6e8f3eaef667#0: notified as event with creator 279012d80dcd650fd64fd817d5c6232a000e9cff47813fc6905524993bb54b23#c [02-03-2021 12:23:21]
 INFO: dc9b23eba650a5c7a67cffc3d91271e286dc5b51c4b13ccd9a9206ad35f4d90b: running start (InstanceMethodCallTransactionRequest -> ignoresGasPrice) [02-03-2021 12:23:21]
 INFO: dc9b23eba650a5c7a67cffc3d91271e286dc5b51c4b13ccd9a9206ad35f4d90b: running success [02-03-2021 12:23:21]
 INFO: a1e59a25e59f2f884c51b4957d6f86a67eb0df35f144b385a55aa2ee3ae67d16: running start (InstanceMethodCallTransactionRequest -> getGasPrice) [02-03-2021 12:23:21]
 INFO: a1e59a25e59f2f884c51b4957d6f86a67eb0df35f144b385a55aa2ee3ae67d16: running success [02-03-2021 12:23:21]
 INFO: e4b09081d01e5fa892836306b24a51d301f6da50916aec0a1ba3fb2831090b13: posting (InstanceMethodCallTransactionRequest) [02-03-2021 12:23:21]
 INFO: e4b09081d01e5fa892836306b24a51d301f6da50916aec0a1ba3fb2831090b13: checking start (InstanceMethodCallTransactionRequest) [02-03-2021 12:23:21]
 INFO: e4b09081d01e5fa892836306b24a51d301f6da50916aec0a1ba3fb2831090b13: checking success [02-03-2021 12:23:21]
 INFO: 68ff35a99654f6a2fb522b83f0b9c6b2e6e12889e77d28ebaa61fa213802081f: checking start (InstanceSystemMethodCallTransactionRequest) [02-03-2021 12:23:22]
 INFO: 68ff35a99654f6a2fb522b83f0b9c6b2e6e12889e77d28ebaa61fa213802081f: checking success [02-03-2021 12:23:22]
 INFO: 68ff35a99654f6a2fb522b83f0b9c6b2e6e12889e77d28ebaa61fa213802081f: delivering start [02-03-2021 12:23:22]
 INFO: recomputing the gas price cache since it has changed [02-03-2021 12:23:22]
 INFO: a1e59a25e59f2f884c51b4957d6f86a67eb0df35f144b385a55aa2ee3ae67d16: running start (InstanceMethodCallTransactionRequest -> getGasPrice) [02-03-2021 12:23:22]
 INFO: a1e59a25e59f2f884c51b4957d6f86a67eb0df35f144b385a55aa2ee3ae67d16: running success [02-03-2021 12:23:22]
 INFO: the gas price cache has been recomputed and changed from 101 to 98 [02-03-2021 12:23:22]
 INFO: 68ff35a99654f6a2fb522b83f0b9c6b2e6e12889e77d28ebaa61fa213802081f: delivering success [02-03-2021 12:23:22]
 INFO: units of coin rewarded to the validators for their work: 3280712 [02-03-2021 12:23:22]
 INFO: units of gas consumed for CPU or storage since the previous reward: 1936 [02-03-2021 12:23:22]
 INFO: e4b09081d01e5fa892836306b24a51d301f6da50916aec0a1ba3fb2831090b13: delivering start [02-03-2021 12:23:22]
 INFO: e4b09081d01e5fa892836306b24a51d301f6da50916aec0a1ba3fb2831090b13: delivering success [02-03-2021 12:23:22]
 INFO: refusing to remove all validators; please initialize the node with TendermintInitializedNode [02-03-2021 12:23:22]
 INFO: 68ff35a99654f6a2fb522b83f0b9c6b2e6e12889e77d28ebaa61fa213802081f#0: notified as event with creator 279012d80dcd650fd64fd817d5c6232a000e9cff47813fc6905524993bb54b23#c [02-03-2021 12:23:22]
 INFO: Store get cache hit rate: 0.0% [02-03-2021 12:23:22]
 INFO: Exodus log cache hit rate: 36.0% [02-03-2021 12:23:22]
 INFO: Time spent in state procedures: 157ms [02-03-2021 12:23:22]
 INFO: Time spent checking requests: 205ms [02-03-2021 12:23:22]
 INFO: Time spent delivering requests: 3551ms [02-03-2021 12:23:22]
 INFO: The Tendermint process has been shut down [02-03-2021 12:23:22]
