I[2021-02-28|19:29:09.485] Version info                                 module=main software=0.32.11 block=10 p2p=7
I[2021-02-28|19:29:09.620] Starting Node                                module=main impl=Node
I[2021-02-28|19:29:09.797] Started node                                 module=main nodeInfo="{ProtocolVersion:{P2P:7 Block:10 App:0} ID_:9d627c83c12cc84e33dfd91540d81da5fdbc8a7d ListenAddr:tcp://0.0.0.0:26656 Network:test-chain-EpiTJk Version:0.32.11 Channels:4020212223303800 Moniker:penelope Other:{TxIndex:on RPCAddress:tcp://127.0.0.1:26657}}"
I[2021-02-28|19:29:15.619] Executed block                               module=state height=1 validTxs=1 invalidTxs=0
I[2021-02-28|19:29:15.687] Committed state                              module=state height=1 txs=1 appHash=DA5B85E474CEAED58412C090D970A7979925493C1003C75884C4133341EB1076
I[2021-02-28|19:29:16.458] Executed block                               module=state height=2 validTxs=0 invalidTxs=0
I[2021-02-28|19:29:16.518] Committed state                              module=state height=2 txs=0 appHash=32117EB263DB57A5780D227B72D288A6F6545477A9D9BF2E341061D436401BEA
I[2021-02-28|19:29:17.959] Executed block                               module=state height=3 validTxs=1 invalidTxs=0
I[2021-02-28|19:29:18.018] Committed state                              module=state height=3 txs=1 appHash=956A62935DC613865BCC9FC1C1B3BA367242DBEF51628CFCA7017D042F312CC8
I[2021-02-28|19:29:19.403] Executed block                               module=state height=4 validTxs=1 invalidTxs=0
I[2021-02-28|19:29:19.519] Committed state                              module=state height=4 txs=1 appHash=B816D9C3B4E2BC490086A68939F460BF78EBFD9F6DD4A1BE973E7608D2C30283
I[2021-02-28|19:29:21.015] Executed block                               module=state height=5 validTxs=1 invalidTxs=0
I[2021-02-28|19:29:21.077] Committed state                              module=state height=5 txs=1 appHash=AECBE4D39F212A1F2426AC45A111EC1C26F782DFFEF4F1278C2B4DCB1261A379
I[2021-02-28|19:29:22.571] Executed block                               module=state height=6 validTxs=1 invalidTxs=0
I[2021-02-28|19:29:22.641] Committed state                              module=state height=6 txs=1 appHash=5A4A3CD5CF6D76F54C775BB0718B9396F86090983864C61C4A7524B0DC60F5E9
I[2021-02-28|19:29:24.085] Executed block                               module=state height=7 validTxs=1 invalidTxs=0
I[2021-02-28|19:29:24.146] Committed state                              module=state height=7 txs=1 appHash=FDC5F07E33C75D8D06202B50E3AA929D737923C56C48E69E5DD6E5AF776E59CF
I[2021-02-28|19:29:25.782] Executed block                               module=state height=8 validTxs=1 invalidTxs=0
I[2021-02-28|19:29:25.826] Committed state                              module=state height=8 txs=1 appHash=45BFBE884B1B60104C6104298FFD929C151D52EFA9078EAC5BBBA01DBD3CBC36
I[2021-02-28|19:29:26.952] Executed block                               module=state height=9 validTxs=1 invalidTxs=0
I[2021-02-28|19:29:27.056] Committed state                              module=state height=9 txs=1 appHash=3071BD01A0A521822A2332FFDF0EEBDFB918E1340CB8B735D00A4C816299EA89
I[2021-02-28|19:29:28.472] Executed block                               module=state height=10 validTxs=1 invalidTxs=0
I[2021-02-28|19:29:28.539] Committed state                              module=state height=10 txs=1 appHash=2ED8369BB7C5A27E985D20F101E81E6C43C05E210E985374EB94D2390CDA7445
I[2021-02-28|19:29:29.913] Executed block                               module=state height=11 validTxs=1 invalidTxs=0
I[2021-02-28|19:29:30.040] Committed state                              module=state height=11 txs=1 appHash=40523D77A98D797ED8545B6BE170A15BB3B6F6CFD43F7E0DC0AFC95E1707515B
I[2021-02-28|19:29:30.260] captured terminated, exiting...              module=main 
I[2021-02-28|19:29:30.260] Stopping Node                                module=main impl=Node
I[2021-02-28|19:29:30.260] Stopping Node                                module=main 
E[2021-02-28|19:29:30.260] Not stopping BlockPool -- have not been started yet module=blockchain impl=BlockPool
E[2021-02-28|19:29:30.317] Stopped accept routine, as transport is closed module=p2p numPeers=0
I[2021-02-28|19:29:30.317] Closing rpc listener                         module=main listener="&{Listener:0xc000524d00 sem:0xc0001cad20 closeOnce:{done:0 m:{state:0 sema:0}} done:0xc0001cad80}"
